  cl : Command line warning D9035 : option 'Gm' has been deprecated and will be removed in a future release
  TestObject.cpp
C:\Users\Zach\Documents\GPP\CodeBase\CodeBase\TestObject.cpp(10,141): warning C4244:  'argument': conversion from 'int' to 'const float', possible loss of data
C:\Users\Zach\Documents\GPP\CodeBase\CodeBase\TestObject.cpp(10,119): warning C4244:  'argument': conversion from 'int' to 'const float', possible loss of data
C:\Users\Zach\Documents\GPP\CodeBase\CodeBase\TestObject.cpp(18,141): warning C4244:  'argument': conversion from 'int' to 'const float', possible loss of data
  Scene.cpp
  PhysicsComponent.cpp
  Mario.cpp
C:\Users\Zach\Documents\GPP\CodeBase\CodeBase\TestObject.cpp(18,119): warning C4244:  'argument': conversion from 'int' to 'const float', possible loss of data
C:\Users\Zach\Documents\GPP\CodeBase\CodeBase\Mario.cpp(18,141): warning C4244:  'argument': conversion from 'int' to 'const float', possible loss of data
  MapGenerator.cpp
C:\Users\Zach\Documents\GPP\CodeBase\CodeBase\Mario.cpp(18,119): warning C4244:  'argument': conversion from 'int' to 'const float', possible loss of data
C:\Users\Zach\Documents\GPP\CodeBase\CodeBase\MapGenerator.cpp(18,17): warning C4244:  'initializing': conversion from 'float' to 'int', possible loss of data
C:\Users\Zach\Documents\GPP\CodeBase\CodeBase\MapGenerator.cpp(25,72): warning C4244:  'argument': conversion from 'int' to 'const float', possible loss of data
  LevelOne.cpp
  InputComponent.cpp
  GameObject.cpp
  CollisionDetectionComponent.cpp
  ColliderManager.cpp
  Collider.cpp
  Camera.cpp
  Generating Code...
  Compiling...
  Goomba.cpp
C:\Users\Zach\Documents\GPP\CodeBase\CodeBase\MapGenerator.cpp(25,50): warning C4244:  'argument': conversion from 'int' to 'const float', possible loss of data
C:\Users\Zach\Documents\GPP\CodeBase\CodeBase\Goomba.cpp(16,141): warning C4244:  'argument': conversion from 'int' to 'const float', possible loss of data
  Generating Code...
C:\Users\Zach\Documents\GPP\CodeBase\CodeBase\Goomba.cpp(16,119): warning C4244:  'argument': conversion from 'int' to 'const float', possible loss of data
  SpaceshipControl.vcxproj -> C:\Users\Zach\Documents\GPP\CodeBase\CodeBase\Debug\SpaceshipControl.exe
