c:\users\moshi\source\repos\notsosupermario\debug\vc141.pdb
c:\users\moshi\source\repos\notsosupermario\debug\vc141.idb
c:\users\moshi\source\repos\notsosupermario\debug\collidermanager.obj
c:\users\moshi\source\repos\notsosupermario\debug\collisiondetectioncomponent.obj
c:\users\moshi\source\repos\notsosupermario\debug\component.obj
c:\users\moshi\source\repos\notsosupermario\debug\game.obj
c:\users\moshi\source\repos\notsosupermario\debug\gameobject.obj
c:\users\moshi\source\repos\notsosupermario\debug\graphics.obj
c:\users\moshi\source\repos\notsosupermario\debug\image.obj
c:\users\moshi\source\repos\notsosupermario\debug\input.obj
c:\users\moshi\source\repos\notsosupermario\debug\inputcomponent.obj
c:\users\moshi\source\repos\notsosupermario\debug\levelone.obj
c:\users\moshi\source\repos\notsosupermario\debug\mapgenerator.obj
c:\users\moshi\source\repos\notsosupermario\debug\mario.obj
c:\users\moshi\source\repos\notsosupermario\debug\notsosupermario.obj
c:\users\moshi\source\repos\notsosupermario\debug\physicscomponent.obj
c:\users\moshi\source\repos\notsosupermario\debug\scene.obj
c:\users\moshi\source\repos\notsosupermario\debug\spacewar.obj
c:\users\moshi\source\repos\notsosupermario\debug\sprite.obj
c:\users\moshi\source\repos\notsosupermario\debug\testobject.obj
c:\users\moshi\source\repos\notsosupermario\debug\texturemanager.obj
c:\users\moshi\source\repos\notsosupermario\debug\winmain.obj
c:\users\moshi\source\repos\notsosupermario\debug\background.obj
c:\users\moshi\source\repos\notsosupermario\debug\camera.obj
c:\users\moshi\source\repos\notsosupermario\debug\collider.obj
c:\users\moshi\source\repos\notsosupermario\debug\button.obj
c:\users\moshi\source\repos\notsosupermario\debug\menu.obj
c:\users\moshi\source\repos\notsosupermario\debug\spaceshipcontrol.exe
c:\users\moshi\source\repos\notsosupermario\debug\spaceshipcontrol.ilk
c:\users\moshi\source\repos\notsosupermario\debug\spaceshipcontrol.pdb
c:\users\moshi\source\repos\notsosupermario\debug\vc142.idb
c:\users\moshi\source\repos\notsosupermario\debug\vc142.pdb
c:\users\moshi\source\repos\notsosupermario\debug\spaceshipcontrol.tlog\cl.command.1.tlog
c:\users\moshi\source\repos\notsosupermario\debug\spaceshipcontrol.tlog\cl.read.1.tlog
c:\users\moshi\source\repos\notsosupermario\debug\spaceshipcontrol.tlog\cl.write.1.tlog
c:\users\moshi\source\repos\notsosupermario\debug\spaceshipcontrol.tlog\link.command.1.tlog
c:\users\moshi\source\repos\notsosupermario\debug\spaceshipcontrol.tlog\link.read.1.tlog
c:\users\moshi\source\repos\notsosupermario\debug\spaceshipcontrol.tlog\link.write.1.tlog
c:\users\moshi\source\repos\notsosupermario\debug\spaceshipcontrol.tlog\spaceshipcontrol.write.1u.tlog
